This is pdfTeX, Version 3.141592653-2.6-1.40.25 (MiKTeX 23.12) (preloaded format=pdflatex 2024.1.19)  29 NOV 2024 23:52
entering extended mode
 restricted \write18 enabled.
 file:line:error style messages enabled.
 %&-line parsing enabled.
**c:/Users/himan/Desktop/Machine-Learning-Project/final-project-report/final_project_report.tex
(c:/Users/himan/Desktop/Machine-Learning-Project/final-project-report/final_project_report.tex
LaTeX2e <2023-11-01>
L3 programming layer <2024-01-04>
(C:\Users\himan\AppData\Local\Programs\MiKTeX\tex/latex/base\article.cls
Document Class: article 2023/05/17 v1.4n Standard LaTeX document class
(C:\Users\himan\AppData\Local\Programs\MiKTeX\tex/latex/base\size10.clo
File: size10.clo 2023/05/17 v1.4n Standard LaTeX file (size option)
)
\c@part=\count187
\c@section=\count188
\c@subsection=\count189
\c@subsubsection=\count190
\c@paragraph=\count191
\c@subparagraph=\count192
\c@figure=\count193
\c@table=\count194
\abovecaptionskip=\skip48
\belowcaptionskip=\skip49
\bibindent=\dimen140
) (cvpr.sty (eso-pic.sty
Package: eso-pic 2002/11/16 v1.1b eso-pic (RN)
 (cvpr_eso.sty

LaTeX Warning: You have requested package `eso-pic',
               but the package provides `everyshi'.

Package: everyshi 2001/05/15 v3.00 EveryShipout Package (MS)
) (C:\Users\himan\AppData\Local\Programs\MiKTeX\tex/latex/graphics\keyval.sty
Package: keyval 2022/05/29 v1.15 key=value parser (DPC)
\KV@toks@=\toks17
)) (C:\Users\himan\AppData\Local\Programs\MiKTeX\tex/latex/tools\xspace.sty
Package: xspace 2014/10/28 v1.13 Space after command names (DPC,MH)
)
CVPR 8.5 x 11-Inch Proceedings Style `cvpr.sty'.
\@ctmp=\skip50
\@figindent=\skip51
\cvprrulerbox=\box51
\cvprrulercount=\count195
\cvprruleroffset=\dimen141
\cv@lineheight=\dimen142
\cv@boxheight=\dimen143
\cv@tmpbox=\box52
\cv@refno=\count196
\cv@tot=\count197
\cv@tmpc@=\count198
\cv@tmpc=\count199
) (C:\Users\himan\AppData\Local\Programs\MiKTeX\tex/latex/psnfss\times.sty
Package: times 2020/03/25 PSNFSS-v9.3 (SPQR) 
) (C:\Users\himan\AppData\Local\Programs\MiKTeX\tex/latex/graphics\epsfig.sty
Package: epsfig 2017/06/25 v1.7b (e)psfig emulation (SPQR)
 (C:\Users\himan\AppData\Local\Programs\MiKTeX\tex/latex/graphics\graphicx.sty
Package: graphicx 2021/09/16 v1.2d Enhanced LaTeX Graphics (DPC,SPQR)
 (C:\Users\himan\AppData\Local\Programs\MiKTeX\tex/latex/graphics\graphics.sty
Package: graphics 2022/03/10 v1.4e Standard LaTeX Graphics (DPC,SPQR)
 (C:\Users\himan\AppData\Local\Programs\MiKTeX\tex/latex/graphics\trig.sty
Package: trig 2021/08/11 v1.11 sin cos tan (DPC)
) (C:\Users\himan\AppData\Local\Programs\MiKTeX\tex/latex/graphics-cfg\graphics.cfg
File: graphics.cfg 2016/06/04 v1.11 sample graphics configuration
)
Package graphics Info: Driver file: pdftex.def on input line 107.
 (C:\Users\himan\AppData\Local\Programs\MiKTeX\tex/latex/graphics-def\pdftex.def
File: pdftex.def 2022/09/22 v1.2b Graphics/color driver for pdftex
))
\Gin@req@height=\dimen144
\Gin@req@width=\dimen145
)
\epsfxsize=\dimen146
\epsfysize=\dimen147
) (C:\Users\himan\AppData\Local\Programs\MiKTeX\tex/latex/float\float.sty
Package: float 2001/11/08 v1.3d Float enhancements (AL)
\c@float@type=\count266
\float@exts=\toks18
\float@box=\box53
\@float@everytoks=\toks19
\@floatcapt=\box54
) (C:\Users\himan\AppData\Local\Programs\MiKTeX\tex/latex/amsmath\amsmath.sty
Package: amsmath 2023/05/13 v2.17o AMS math features
\@mathmargin=\skip52

For additional information on amsmath, use the `?' option.
(C:\Users\himan\AppData\Local\Programs\MiKTeX\tex/latex/amsmath\amstext.sty
Package: amstext 2021/08/26 v2.01 AMS text
 (C:\Users\himan\AppData\Local\Programs\MiKTeX\tex/latex/amsmath\amsgen.sty
File: amsgen.sty 1999/11/30 v2.0 generic functions
\@emptytoks=\toks20
\ex@=\dimen148
)) (C:\Users\himan\AppData\Local\Programs\MiKTeX\tex/latex/amsmath\amsbsy.sty
Package: amsbsy 1999/11/29 v1.2d Bold Symbols
\pmbraise@=\dimen149
) (C:\Users\himan\AppData\Local\Programs\MiKTeX\tex/latex/amsmath\amsopn.sty
Package: amsopn 2022/04/08 v2.04 operator names
)
\inf@bad=\count267
LaTeX Info: Redefining \frac on input line 234.
\uproot@=\count268
\leftroot@=\count269
LaTeX Info: Redefining \overline on input line 399.
LaTeX Info: Redefining \colon on input line 410.
\classnum@=\count270
\DOTSCASE@=\count271
LaTeX Info: Redefining \ldots on input line 496.
LaTeX Info: Redefining \dots on input line 499.
LaTeX Info: Redefining \cdots on input line 620.
\Mathstrutbox@=\box55
\strutbox@=\box56
LaTeX Info: Redefining \big on input line 722.
LaTeX Info: Redefining \Big on input line 723.
LaTeX Info: Redefining \bigg on input line 724.
LaTeX Info: Redefining \Bigg on input line 725.
\big@size=\dimen150
LaTeX Font Info:    Redeclaring font encoding OML on input line 743.
LaTeX Font Info:    Redeclaring font encoding OMS on input line 744.
\macc@depth=\count272
LaTeX Info: Redefining \bmod on input line 905.
LaTeX Info: Redefining \pmod on input line 910.
LaTeX Info: Redefining \smash on input line 940.
LaTeX Info: Redefining \relbar on input line 970.
LaTeX Info: Redefining \Relbar on input line 971.
\c@MaxMatrixCols=\count273
\dotsspace@=\muskip16
\c@parentequation=\count274
\dspbrk@lvl=\count275
\tag@help=\toks21
\row@=\count276
\column@=\count277
\maxfields@=\count278
\andhelp@=\toks22
\eqnshift@=\dimen151
\alignsep@=\dimen152
\tagshift@=\dimen153
\tagwidth@=\dimen154
\totwidth@=\dimen155
\lineht@=\dimen156
\@envbody=\toks23
\multlinegap=\skip53
\multlinetaggap=\skip54
\mathdisplay@stack=\toks24
LaTeX Info: Redefining \[ on input line 2953.
LaTeX Info: Redefining \] on input line 2954.
) (C:\Users\himan\AppData\Local\Programs\MiKTeX\tex/latex/amsfonts\amssymb.sty
Package: amssymb 2013/01/14 v3.01 AMS font symbols
 (C:\Users\himan\AppData\Local\Programs\MiKTeX\tex/latex/amsfonts\amsfonts.sty
Package: amsfonts 2013/01/14 v3.01 Basic AMSFonts support
\symAMSa=\mathgroup4
\symAMSb=\mathgroup5
LaTeX Font Info:    Redeclaring math symbol \hbar on input line 98.
LaTeX Font Info:    Overwriting math alphabet `\mathfrak' in version `bold'
(Font)                  U/euf/m/n --> U/euf/b/n on input line 106.
)) (C:\Users\himan\AppData\Local\Programs\MiKTeX\tex/latex/enumitem\enumitem.sty
Package: enumitem 2019/06/20 v3.9 Customized lists
\labelindent=\skip55
\enit@outerparindent=\dimen157
\enit@toks=\toks25
\enit@inbox=\box57
\enit@count@id=\count279
\enitdp@description=\count280
) (C:\Users\himan\AppData\Local\Programs\MiKTeX\tex/latex/geometry\geometry.sty
Package: geometry 2020/01/02 v5.9 Page Geometry
 (C:\Users\himan\AppData\Local\Programs\MiKTeX\tex/generic/iftex\ifvtex.sty
Package: ifvtex 2019/10/25 v1.7 ifvtex legacy package. Use iftex instead.
 (C:\Users\himan\AppData\Local\Programs\MiKTeX\tex/generic/iftex\iftex.sty
Package: iftex 2022/02/03 v1.0f TeX engine tests
))
\Gm@cnth=\count281
\Gm@cntv=\count282
\c@Gm@tempcnt=\count283
\Gm@bindingoffset=\dimen158
\Gm@wd@mp=\dimen159
\Gm@odd@mp=\dimen160
\Gm@even@mp=\dimen161
\Gm@layoutwidth=\dimen162
\Gm@layoutheight=\dimen163
\Gm@layouthoffset=\dimen164
\Gm@layoutvoffset=\dimen165
\Gm@dimlist=\toks26
 (C:\Users\himan\AppData\Local\Programs\MiKTeX\tex/latex/geometry\geometry.cfg)) (C:\Users\himan\AppData\Local\Programs\MiKTeX\tex/latex/hyperref\hyperref.sty
Package: hyperref 2023-11-26 v7.01g Hypertext links for LaTeX
 (C:\Users\himan\AppData\Local\Programs\MiKTeX\tex/generic/infwarerr\infwarerr.sty
Package: infwarerr 2019/12/03 v1.5 Providing info/warning/error messages (HO)
) (C:\Users\himan\AppData\Local\Programs\MiKTeX\tex/latex/kvsetkeys\kvsetkeys.sty
Package: kvsetkeys 2022-10-05 v1.19 Key value parser (HO)
) (C:\Users\himan\AppData\Local\Programs\MiKTeX\tex/generic/kvdefinekeys\kvdefinekeys.sty
Package: kvdefinekeys 2019-12-19 v1.6 Define keys (HO)
) (C:\Users\himan\AppData\Local\Programs\MiKTeX\tex/generic/pdfescape\pdfescape.sty
Package: pdfescape 2019/12/09 v1.15 Implements pdfTeX's escape features (HO)
 (C:\Users\himan\AppData\Local\Programs\MiKTeX\tex/generic/ltxcmds\ltxcmds.sty
Package: ltxcmds 2023-12-04 v1.26 LaTeX kernel commands for general use (HO)
) (C:\Users\himan\AppData\Local\Programs\MiKTeX\tex/generic/pdftexcmds\pdftexcmds.sty
Package: pdftexcmds 2020-06-27 v0.33 Utility functions of pdfTeX for LuaTeX (HO)
Package pdftexcmds Info: \pdf@primitive is available.
Package pdftexcmds Info: \pdf@ifprimitive is available.
Package pdftexcmds Info: \pdfdraftmode found.
)) (C:\Users\himan\AppData\Local\Programs\MiKTeX\tex/latex/hycolor\hycolor.sty
Package: hycolor 2020-01-27 v1.10 Color options for hyperref/bookmark (HO)
) (C:\Users\himan\AppData\Local\Programs\MiKTeX\tex/latex/letltxmacro\letltxmacro.sty
Package: letltxmacro 2019/12/03 v1.6 Let assignment for LaTeX macros (HO)
) (C:\Users\himan\AppData\Local\Programs\MiKTeX\tex/latex/auxhook\auxhook.sty
Package: auxhook 2019-12-17 v1.6 Hooks for auxiliary files (HO)
) (C:\Users\himan\AppData\Local\Programs\MiKTeX\tex/latex/hyperref\nameref.sty
Package: nameref 2023-11-26 v2.56 Cross-referencing by name of section
 (C:\Users\himan\AppData\Local\Programs\MiKTeX\tex/latex/refcount\refcount.sty
Package: refcount 2019/12/15 v3.6 Data extraction from label references (HO)
) (C:\Users\himan\AppData\Local\Programs\MiKTeX\tex/generic/gettitlestring\gettitlestring.sty
Package: gettitlestring 2019/12/15 v1.6 Cleanup title references (HO)
 (C:\Users\himan\AppData\Local\Programs\MiKTeX\tex/latex/kvoptions\kvoptions.sty
Package: kvoptions 2022-06-15 v3.15 Key value format for package options (HO)
))
\c@section@level=\count284
) (C:\Users\himan\AppData\Local\Programs\MiKTeX\tex/latex/etoolbox\etoolbox.sty
Package: etoolbox 2020/10/05 v2.5k e-TeX tools for LaTeX (JAW)
\etb@tempcnta=\count285
)
\@linkdim=\dimen166
\Hy@linkcounter=\count286
\Hy@pagecounter=\count287
 (C:\Users\himan\AppData\Local\Programs\MiKTeX\tex/latex/hyperref\pd1enc.def
File: pd1enc.def 2023-11-26 v7.01g Hyperref: PDFDocEncoding definition (HO)
Now handling font encoding PD1 ...
... no UTF-8 mapping file for font encoding PD1
) (C:\Users\himan\AppData\Local\Programs\MiKTeX\tex/generic/intcalc\intcalc.sty
Package: intcalc 2019/12/15 v1.3 Expandable calculations with integers (HO)
)
\Hy@SavedSpaceFactor=\count288
 (C:\Users\himan\AppData\Local\Programs\MiKTeX\tex/latex/hyperref\puenc.def
File: puenc.def 2023-11-26 v7.01g Hyperref: PDF Unicode definition (HO)
Now handling font encoding PU ...
... no UTF-8 mapping file for font encoding PU
)
Package hyperref Info: Option `breaklinks' set `true' on input line 4064.
Package hyperref Info: Option `bookmarks' set `false' on input line 4064.
Package hyperref Info: Hyper figures OFF on input line 4181.
Package hyperref Info: Link nesting OFF on input line 4186.
Package hyperref Info: Hyper index ON on input line 4189.
Package hyperref Info: Plain pages OFF on input line 4196.
Package hyperref Info: Backreferencing OFF on input line 4201.
Package hyperref Info: Implicit mode ON; LaTeX internals redefined.
Package hyperref Info: Bookmarks OFF on input line 4454.
\c@Hy@tempcnt=\count289
 (C:\Users\himan\AppData\Local\Programs\MiKTeX\tex/latex/url\url.sty
\Urlmuskip=\muskip17
Package: url 2013/09/16  ver 3.4  Verb mode for urls, etc.
)
LaTeX Info: Redefining \url on input line 4786.
\XeTeXLinkMargin=\dimen167
 (C:\Users\himan\AppData\Local\Programs\MiKTeX\tex/generic/bitset\bitset.sty
Package: bitset 2019/12/09 v1.3 Handle bit-vector datatype (HO)
 (C:\Users\himan\AppData\Local\Programs\MiKTeX\tex/generic/bigintcalc\bigintcalc.sty
Package: bigintcalc 2019/12/15 v1.5 Expandable calculations on big integers (HO)
))
\Fld@menulength=\count290
\Field@Width=\dimen168
\Fld@charsize=\dimen169
Package hyperref Info: Hyper figures OFF on input line 6065.
Package hyperref Info: Link nesting OFF on input line 6070.
Package hyperref Info: Hyper index ON on input line 6073.
Package hyperref Info: backreferencing OFF on input line 6080.
Package hyperref Info: Link coloring OFF on input line 6085.
Package hyperref Info: Link coloring with OCG OFF on input line 6090.
Package hyperref Info: PDF/A mode OFF on input line 6095.
 (C:\Users\himan\AppData\Local\Programs\MiKTeX\tex/latex/base\atbegshi-ltx.sty
Package: atbegshi-ltx 2021/01/10 v1.0c Emulation of the original atbegshi
package with kernel methods
)
\Hy@abspage=\count291
\c@Item=\count292
\c@Hfootnote=\count293
)
Package hyperref Info: Driver (autodetected): hpdftex.
 (C:\Users\himan\AppData\Local\Programs\MiKTeX\tex/latex/hyperref\hpdftex.def
File: hpdftex.def 2023-11-26 v7.01g Hyperref driver for pdfTeX
 (C:\Users\himan\AppData\Local\Programs\MiKTeX\tex/latex/base\atveryend-ltx.sty
Package: atveryend-ltx 2020/08/19 v1.0a Emulation of the original atveryend package
with kernel methods
)
\Fld@listcount=\count294
\c@bookmark@seq@number=\count295
 (C:\Users\himan\AppData\Local\Programs\MiKTeX\tex/latex/rerunfilecheck\rerunfilecheck.sty
Package: rerunfilecheck 2022-07-10 v1.10 Rerun checks for auxiliary files (HO)
 (C:\Users\himan\AppData\Local\Programs\MiKTeX\tex/generic/uniquecounter\uniquecounter.sty
Package: uniquecounter 2019/12/15 v1.4 Provide unlimited unique counter (HO)
)
Package uniquecounter Info: New unique counter `rerunfilecheck' on input line 285.
)
\Hy@SectionHShift=\skip56
)
LaTeX Font Info:    Trying to load font information for OT1+ptm on input line 21.
 (C:\Users\himan\AppData\Local\Programs\MiKTeX\tex/latex/psnfss\ot1ptm.fd
File: ot1ptm.fd 2001/06/04 font definitions for OT1/ptm.
) (C:\Users\himan\AppData\Local\Programs\MiKTeX\tex/latex/l3backend\l3backend-pdftex.def
File: l3backend-pdftex.def 2024-01-04 L3 backend support: PDF output (pdfTeX)
\l__color_backend_stack_int=\count296
\l__pdf_internal_box=\box58
) (final_project_report.aux

LaTeX Warning: Label `SIFT' multiply defined.


LaTeX Warning: Label `SIFT' multiply defined.


LaTeX Warning: Label `SIFT' multiply defined.


LaTeX Warning: Label `CNN' multiply defined.


LaTeX Warning: Label `CNN' multiply defined.

)
\openout1 = `final_project_report.aux'.

LaTeX Font Info:    Checking defaults for OML/cmm/m/it on input line 21.
LaTeX Font Info:    ... okay on input line 21.
LaTeX Font Info:    Checking defaults for OMS/cmsy/m/n on input line 21.
LaTeX Font Info:    ... okay on input line 21.
LaTeX Font Info:    Checking defaults for OT1/cmr/m/n on input line 21.
LaTeX Font Info:    ... okay on input line 21.
LaTeX Font Info:    Checking defaults for T1/cmr/m/n on input line 21.
LaTeX Font Info:    ... okay on input line 21.
LaTeX Font Info:    Checking defaults for TS1/cmr/m/n on input line 21.
LaTeX Font Info:    ... okay on input line 21.
LaTeX Font Info:    Checking defaults for OMX/cmex/m/n on input line 21.
LaTeX Font Info:    ... okay on input line 21.
LaTeX Font Info:    Checking defaults for U/cmr/m/n on input line 21.
LaTeX Font Info:    ... okay on input line 21.
LaTeX Font Info:    Checking defaults for PD1/pdf/m/n on input line 21.
LaTeX Font Info:    ... okay on input line 21.
LaTeX Font Info:    Checking defaults for PU/pdf/m/n on input line 21.
LaTeX Font Info:    ... okay on input line 21.
 ABD: EveryShipout initializing macros (C:\Users\himan\AppData\Local\Programs\MiKTeX\tex/latex/graphics\color.sty
Package: color 2022/01/06 v1.3d Standard LaTeX Color (DPC)
 (C:\Users\himan\AppData\Local\Programs\MiKTeX\tex/latex/graphics-cfg\color.cfg
File: color.cfg 2016/01/02 v1.6 sample color configuration
)
Package color Info: Driver file: pdftex.def on input line 149.
 (C:\Users\himan\AppData\Local\Programs\MiKTeX\tex/latex/graphics\mathcolor.ltx)) (C:\Users\himan\AppData\Local\Programs\MiKTeX\tex/context/base/mkii\supp-pdf.mkii
[Loading MPS to PDF converter (version 2006.09.02).]
\scratchcounter=\count297
\scratchdimen=\dimen170
\scratchbox=\box59
\nofMPsegments=\count298
\nofMParguments=\count299
\everyMPshowfont=\toks27
\MPscratchCnt=\count300
\MPscratchDim=\dimen171
\MPnumerator=\count301
\makeMPintoPDFobject=\count302
\everyMPtoPDFconversion=\toks28
) (C:\Users\himan\AppData\Local\Programs\MiKTeX\tex/latex/epstopdf-pkg\epstopdf-base.sty
Package: epstopdf-base 2020-01-24 v2.11 Base part for package epstopdf
Package epstopdf-base Info: Redefining graphics rule for `.eps' on input line 485.
 (C:\Users\himan\AppData\Local\Programs\MiKTeX\tex/latex/00miktex\epstopdf-sys.cfg
File: epstopdf-sys.cfg 2021/03/18 v2.0 Configuration of epstopdf for MiKTeX
))
*geometry* driver: auto-detecting
*geometry* detected driver: pdftex
*geometry* verbose mode - [ preamble ] result:
* driver: pdftex
* paper: letterpaper
* layout: <same size as paper>
* layoutoffset:(h,v)=(0.0pt,0.0pt)
* modes: 
* h-part:(L,W,R)=(50.58878pt, 513.11745pt, 50.58878pt)
* v-part:(T,H,B)=(50.58878pt, 693.79243pt, 50.58878pt)
* \paperwidth=614.295pt
* \paperheight=794.96999pt
* \textwidth=513.11745pt
* \textheight=693.79243pt
* \oddsidemargin=-21.68121pt
* \evensidemargin=-21.68121pt
* \topmargin=-21.68121pt
* \headheight=0.0pt
* \headsep=0.0pt
* \topskip=10.0pt
* \footskip=30.0pt
* \marginparwidth=4.0pt
* \marginparsep=10.0pt
* \columnsep=22.58437pt
* \skip\footins=9.0pt plus 4.0pt minus 2.0pt
* \hoffset=0.0pt
* \voffset=0.0pt
* \mag=1000
* \@twocolumntrue
* \@twosidefalse
* \@mparswitchfalse
* \@reversemarginfalse
* (1in=72.27pt=25.4mm, 1cm=28.453pt)

Package hyperref Info: Link coloring OFF on input line 21.
LaTeX Font Info:    Trying to load font information for U+msa on input line 35.
(C:\Users\himan\AppData\Local\Programs\MiKTeX\tex/latex/amsfonts\umsa.fd
File: umsa.fd 2013/01/14 v3.01 AMS symbols A
)
LaTeX Font Info:    Trying to load font information for U+msb on input line 35.
 (C:\Users\himan\AppData\Local\Programs\MiKTeX\tex/latex/amsfonts\umsb.fd
File: umsb.fd 2013/01/14 v3.01 AMS symbols B
)
LaTeX Font Info:    Trying to load font information for OT1+pcr on input line 35.
 (C:\Users\himan\AppData\Local\Programs\MiKTeX\tex/latex/psnfss\ot1pcr.fd
File: ot1pcr.fd 2001/06/04 font definitions for OT1/pcr.
)
LaTeX Font Info:    Trying to load font information for OMS+pcr on input line 35.
 (C:\Users\himan\AppData\Local\Programs\MiKTeX\tex/latex/psnfss\omspcr.fd
File: omspcr.fd 
)
LaTeX Font Info:    Font shape `OMS/pcr/m/n' in size <9> not available
(Font)              Font shape `OMS/cmsy/m/n' tried instead on input line 35.
LaTeX Font Info:    Font shape `OT1/pcr/m/it' in size <10> not available
(Font)              Font shape `OT1/pcr/m/sl' tried instead on input line 45.
LaTeX Font Info:    Trying to load font information for TS1+ptm on input line 71.
 (C:\Users\himan\AppData\Local\Programs\MiKTeX\tex/latex/psnfss\ts1ptm.fd
File: ts1ptm.fd 2001/06/04 font definitions for TS1/ptm.
)
<2.png, id=7, 906.9885pt x 325.9377pt>
File: 2.png Graphic file (type png)
<use 2.png>
Package pdftex.def Info: 2.png  used on input line 75.
(pdftex.def)             Requested size: 181.39449pt x 65.18637pt.

Underfull \vbox (badness 10000) has occurred while \output is active []

 [1{C:/Users/himan/AppData/Local/MiKTeX/fonts/map/pdftex/pdftex.map}{C:/Users/himan/AppData/Local/Programs/MiKTeX/fonts/enc/dvips/base/8r.enc}


]
<3.png, id=30, 726.3135pt x 729.2043pt>
File: 3.png Graphic file (type png)
<use 3.png>
Package pdftex.def Info: 3.png  used on input line 80.
(pdftex.def)             Requested size: 145.26012pt x 145.83827pt.
<4.png, id=31, 685.1196pt x 325.9377pt>
File: 4.png Graphic file (type png)
<use 4.png>
Package pdftex.def Info: 4.png  used on input line 86.
(pdftex.def)             Requested size: 137.02148pt x 65.18637pt.
<5.png, id=32, 882.4167pt x 325.9377pt>
File: 5.png Graphic file (type png)
<use 5.png>
Package pdftex.def Info: 5.png  used on input line 92.
(pdftex.def)             Requested size: 176.48021pt x 65.18637pt.
<6.png, id=33, 412.6617pt x 314.3745pt>
File: 6.png Graphic file (type png)
<use 6.png>
Package pdftex.def Info: 6.png  used on input line 98.
(pdftex.def)             Requested size: 123.79945pt x 94.31306pt.
<1.png, id=34, 962.84718pt x 402.75468pt>
File: 1.png Graphic file (type png)
<use 1.png>
Package pdftex.def Info: 1.png  used on input line 126.
(pdftex.def)             Requested size: 245.26654pt x 102.59354pt.

Underfull \hbox (badness 5036) in paragraph at lines 137--138
[]\OT1/ptm/m/n/10 Best SIFT Pa-ram-e-ters: \OT1/pcr/m/n/10 n[]features=256,
 []


Underfull \hbox (badness 10000) in paragraph at lines 137--138
\OT1/pcr/m/n/10 contrast[]threshold=0.06,
 []

LaTeX Font Info:    Trying to load font information for OMS+ptm on input line 138.
(C:\Users\himan\AppData\Local\Programs\MiKTeX\tex/latex/psnfss\omsptm.fd
File: omsptm.fd 
)
LaTeX Font Info:    Font shape `OMS/ptm/m/n' in size <10> not available
(Font)              Font shape `OMS/cmsy/m/n' tried instead on input line 138.

Underfull \hbox (badness 10000) in paragraph at lines 138--139
[]\OT1/ptm/m/n/10 Best SVM Pa-ram-e-ters: \OMS/cmsy/m/n/10 f\OT1/pcr/m/n/10 'C': 0.1,
 []


Underfull \hbox (badness 10000) in paragraph at lines 143--144
\OT1/pcr/m/n/10 (8, 8), 'cells[]per[]block': (3,
 []

[2 <./2.png> <./3.png> <./4.png> <./5.png> <./6.png> <./1.png>]
Underfull \hbox (badness 10000) in paragraph at lines 149--150
[]\OT1/ptm/m/n/10 Best LBP Pa-ram-e-ters: \OMS/cmsy/m/n/10 f\OT1/pcr/m/n/10 'radius':
 []


Underfull \hbox (badness 10000) in paragraph at lines 149--150
\OT1/pcr/m/n/10 2, 'n[]points': 8, 'method':
 []


Underfull \hbox (badness 1655) in paragraph at lines 162--163
\OT1/ptm/m/n/10 We used a cus-tom grid search to op-ti-mize our hy-per-
 []


Underfull \hbox (badness 1117) in paragraph at lines 162--163
\OT1/ptm/m/n/10 pa-ram-e-ters; some of the op-ti-miz-ers we used are \OT1/pcr/m/n/10 Adam
 []


Underfull \hbox (badness 1117) in paragraph at lines 162--163
\OT1/ptm/m/n/10 and $\OT1/cmr/m/n/10 0\OML/cmm/m/it/10 :\OT1/cmr/m/n/10 0001$\OT1/ptm/m/n/10 ) and batch sizes ($\OT1/cmr/m/n/10 32$ \OT1/ptm/m/n/10 and $\OT1/cmr/m/n/10 64$\OT1/ptm/m/n/10 ). Each com-
 []


Underfull \hbox (badness 1748) in paragraph at lines 162--163
\OT1/ptm/m/n/10 bi-na-tion was eval-u-ated to iden-tify the op-ti-mal pa-ram-e-
 []


Underfull \hbox (badness 1360) in paragraph at lines 162--163
\OT1/ptm/m/n/10 ters that gave the best ac-cu-racy and min-i-mum loss on
 []


Underfull \hbox (badness 1226) in paragraph at lines 162--163
\OT1/ptm/m/n/10 smaller dataset as it would have con-sumed much time.
 []


Underfull \hbox (badness 3271) in paragraph at lines 162--163
\OT1/ptm/m/n/10 op-ti-mal per-for-mance. Out of them, the best model
 []

<7.png, id=51, 603.4545pt x 604.1772pt>
File: 7.png Graphic file (type png)
<use 7.png>
Package pdftex.def Info: 7.png  used on input line 166.
(pdftex.def)             Requested size: 181.03773pt x 181.25455pt.

Underfull \hbox (badness 10000) in paragraph at lines 171--176

 []


Underfull \hbox (badness 1210) in paragraph at lines 171--176
\OT1/ptm/m/n/10 The CNN ar-chi-tec-ture we used con-sists of four con-vo-
 []


Underfull \hbox (badness 10000) in paragraph at lines 171--176

 []


Underfull \hbox (badness 10000) in paragraph at lines 183--186

 []


Underfull \hbox (badness 1189) in paragraph at lines 183--186
\OT1/ptm/m/n/10 This high-lights the ef-fec-tive-ness of stack-ing in learn-ing
 []

<8.png, id=52, 617.9085pt x 617.9085pt>
File: 8.png Graphic file (type png)
<use 8.png>
Package pdftex.def Info: 8.png  used on input line 195.
(pdftex.def)             Requested size: 247.15901pt x 247.15901pt.

Overfull \hbox (1.89247pt too wide) in paragraph at lines 195--196
 [][] 
 []


Underfull \vbox (badness 10000) has occurred while \output is active []

 [3 <./7.png>]
Underfull \hbox (badness 1057) in paragraph at lines 206--212
\OT1/ptm/m/n/10 SIFT com-bined with en-sem-ble learn-ing, do pretty well.
 []


Underfull \hbox (badness 10000) in paragraph at lines 206--212

 []


Underfull \hbox (badness 7238) in paragraph at lines 206--212
\OT1/ptm/m/n/10 CNNs sig-nif-i-cantly out-per-formed clas-si-cal ap-proaches,
 []


Underfull \hbox (badness 10000) in paragraph at lines 206--212

 []


Underfull \hbox (badness 1365) in paragraph at lines 206--212
\OT1/ptm/m/n/10 Overall, the re-sults em-pha-size the su-pe-ri-or-ity of CNNs
 []


Underfull \hbox (badness 1742) in paragraph at lines 206--212
\OT1/ptm/m/n/10 achieve quite high ac-cu-racy re-sults with the tra-di-tional
 []


Underfull \hbox (badness 10000) in paragraph at lines 206--212

 []


Underfull \hbox (badness 10000) in paragraph at lines 206--212

 []


Underfull \hbox (badness 7522) in paragraph at lines 221--222
[]\OT1/ptm/m/n/10 Detecting Fake Im-ages Us-ing Ma-chine Learn-ing.
 []


Underfull \hbox (badness 10000) in paragraph at lines 221--222
\OT1/ptm/m/n/10 Avail-able: []$\OT1/pcr/m/n/10 https : / / ijrpr . com / uploads /
 []


Underfull \hbox (badness 2221) in paragraph at lines 222--223
\OT1/ptm/m/n/10 Study on Real and AI-Generated Im-age Clas-si-fi-ca-
 []


Underfull \hbox (badness 3189) in paragraph at lines 222--223
\OT1/ptm/m/n/10 tion. Avail-able: []$\OT1/pcr/m/n/10 https : / / www . researchgate .
 []


Underfull \hbox (badness 10000) in paragraph at lines 222--223
\OT1/pcr/m/n/10 net / publication / 375952278 _ Deep _
 []


Underfull \hbox (badness 10000) in paragraph at lines 222--223
\OT1/pcr/m/n/10 Learning _ for _ Image _ Authentication _
 []


Underfull \hbox (badness 10000) in paragraph at lines 222--223
\OT1/pcr/m/n/10 A _ Comparative _ Study _ on _ Real _ and _
 []


Underfull \hbox (badness 1867) in paragraph at lines 224--225
[]\OT1/ptm/m/n/10 SIFT (Scale-Invariant Fea-ture Trans-form). Avail-able:
 []


Underfull \hbox (badness 10000) in paragraph at lines 224--225
[]$\OT1/pcr/m/n/10 https : / / docs . opencv . org / 4 . x / da / df5 /
 []


Underfull \hbox (badness 1953) in paragraph at lines 225--226
[]\OT1/ptm/m/n/10 HOG (His-togram of Ori-ented Gra-di-ents). Avail-able:
 []


Underfull \hbox (badness 10000) in paragraph at lines 225--226
[]$\OT1/pcr/m/n/10 https : / / machinelearningmastery . com /
 []


Underfull \hbox (badness 10000) in paragraph at lines 228--229
[]\OT1/ptm/m/n/10 Keras-cnn-tutorial. Avail-able: []$\OT1/pcr/m/n/10 https :
 []


Underfull \hbox (badness 10000) in paragraph at lines 228--229
\OT1/pcr/m/n/10 / / victorzhou . com / blog /
 []


Underfull \hbox (badness 10000) in paragraph at lines 229--230
[]\OT1/ptm/m/n/10 Image-classification-using-convolutional-neural-
 []


Underfull \hbox (badness 10000) in paragraph at lines 229--230
\OT1/ptm/m/n/10 networks. Avail-able: []$\OT1/pcr/m/n/10 https : / / www .
 []


Underfull \hbox (badness 10000) in paragraph at lines 229--230
\OT1/pcr/m/n/10 analyticsvidhya . com / blog / 2021 / 01 /
 []


Overfull \hbox (244.39337pt too wide) in paragraph at lines 229--230
\OT1/pcr/m/n/10 image-[]classification-[]using-[]convolutional-[]neural-[]networks-[]a-[]step-[]by-[]step-[]guide/$[] 
 []


Underfull \hbox (badness 10000) in paragraph at lines 230--231
[]\OT1/ptm/m/n/10 Building-and-using-a-convolutional-neural-network.
 []


Underfull \hbox (badness 10000) in paragraph at lines 230--231
\OT1/ptm/m/n/10 Avail-able: []$\OT1/pcr/m/n/10 https : / / rohan09 . medium . com /
 []


Overfull \hbox (414.39337pt too wide) in paragraph at lines 230--231
\OT1/pcr/m/n/10 building-[]and-[]using-[]a-[]convolutional-[]neural-[]network-[]cnn-[]for-[]image-[]classification-[]with-[]keras-[]and-[]7abf571f0abb$[] 
 []

[4
pdfTeX warning (ext4): destination with the same identifier (name{cite.SIFT}) has been already used, duplicate ignored
<argument> ...shipout:D \box_use:N \l_shipout_box 
                                                  \__shipout_drop_firstpage_...
l.234 \end{document}
                    
pdfTeX warning (ext4): destination with the same identifier (name{cite.SIFT}) has been already used, duplicate ignored
<argument> ...shipout:D \box_use:N \l_shipout_box 
                                                  \__shipout_drop_firstpage_...
l.234 \end{document}
                    
pdfTeX warning (ext4): destination with the same identifier (name{cite.SIFT}) has been already used, duplicate ignored
<argument> ...shipout:D \box_use:N \l_shipout_box 
                                                  \__shipout_drop_firstpage_...
l.234 \end{document}
                    
pdfTeX warning (ext4): destination with the same identifier (name{cite.CNN}) has been already used, duplicate ignored
<argument> ...shipout:D \box_use:N \l_shipout_box 
                                                  \__shipout_drop_firstpage_...
l.234 \end{document}
                    
pdfTeX warning (ext4): destination with the same identifier (name{cite.CNN}) has been already used, duplicate ignored
<argument> ...shipout:D \box_use:N \l_shipout_box 
                                                  \__shipout_drop_firstpage_...
l.234 \end{document}
                     <./8.png>] (final_project_report.aux)
 ***********
LaTeX2e <2023-11-01>
L3 programming layer <2024-01-04>
 ***********


LaTeX Warning: There were multiply-defined labels.

 ) 
Here is how much of TeX's memory you used:
 11056 strings out of 474486
 171685 string characters out of 5743755
 1949528 words of memory out of 5000000
 33126 multiletter control sequences out of 15000+600000
 580974 words of font info for 89 fonts, out of 8000000 for 9000
 1141 hyphenation exceptions out of 8191
 75i,9n,79p,1022b,656s stack positions out of 10000i,1000n,20000p,200000b,200000s
<C:/Users/himan/AppData/Local/Programs/MiKTeX/fonts/type1/public/amsfonts/cm/cmmi10.pfb><C:/Users/himan/AppData/Local/Programs/MiKTeX/fonts/type1/public/amsfonts/cm/cmr10.pfb><C:/Users/himan/AppData/Local/Programs/MiKTeX/fonts/type1/public/amsfonts/cm/cmsy10.pfb><C:/Users/himan/AppData/Local/Programs/MiKTeX/fonts/type1/public/amsfonts/cm/cmsy9.pfb><C:/Users/himan/AppData/Local/Programs/MiKTeX/fonts/type1/urw/courier/ucrr8a.pfb><C:/Users/himan/AppData/Local/Programs/MiKTeX/fonts/type1/urw/courier/ucrro8a.pfb><C:/Users/himan/AppData/Local/Programs/MiKTeX/fonts/type1/urw/times/utmb8a.pfb><C:/Users/himan/AppData/Local/Programs/MiKTeX/fonts/type1/urw/times/utmr8a.pfb><C:/Users/himan/AppData/Local/Programs/MiKTeX/fonts/type1/urw/times/utmri8a.pfb>
Output written on final_project_report.pdf (4 pages, 599055 bytes).
PDF statistics:
 152 PDF objects out of 1000 (max. 8388607)
 36 named destinations out of 1000 (max. 500000)
 41 words of extra memory for PDF output out of 10000 (max. 10000000)

